Arguments: 
  /Users/jiyufeng/.nvm/versions/node/v8.9.4/bin/node /usr/local/Cellar/yarn/1.9.4/libexec/bin/yarn.js start

PATH: 
  /Users/jiyufeng/.nvm/versions/node/v8.9.4/bin:/usr/local/bin:/usr/bin:/bin:/usr/sbin:/sbin

Yarn version: 
  1.9.4

Node version: 
  8.9.4

Platform: 
  darwin x64

Trace: 
  SyntaxError: /Users/jiyufeng/Documents/demo/UICom/Header/package.json: Unexpected token / in JSON at position 878
      at JSON.parse (<anonymous>)
      at /usr/local/Cellar/yarn/1.9.4/libexec/lib/cli.js:1130:59
      at Generator.next (<anonymous>)
      at step (/usr/local/Cellar/yarn/1.9.4/libexec/lib/cli.js:92:30)
      at /usr/local/Cellar/yarn/1.9.4/libexec/lib/cli.js:103:13
      at <anonymous>

npm manifest: 
  {
    "name": "header",
    "version": "0.0.1",
    "description": "react ui component of header",
    "main": "./lib/index",
    "module": "./es/index",
    "scripts": {
      "build": "rc-tools run build",
      "gh-pages": "rc-tools run gh-pages",
      "start": "rc-tools run server",
      "pub": "rc-tools run update-self && rc-tools run pub",
      "lint": "rc-tools run lint",
      "prepublish": "rc-tools run guard"
    },
    "keywords": [
      "react",
      "ui",
      "component"
    ],
    "author": "yufj",
    "license": "MIT",
    "dependencies": {
      "@ctrip/nfes-util": "^1.0.18",
      "react": "^16.x",
      "react-dom": "^16.x"
    },
    "devDependencies": {
      "less": "^3.9.0",
      "rc-tools": "^8.4.1",
      "styled-jsx": "^3.1.2",
      "styled-jsx-plugin-less": "0.0.1-alpha.1"
    },
    "config": {
      "entry": "./src/index.js",
      "port": 8021,
      "module": {
        "rules": [
          { "test": /\.js$/, "use": "babel-loader" }
        ]
      }
    }
  }

yarn manifest: 
  No manifest

Lockfile: 
  No lockfile
